<?xml version="1.0" encoding="UTF-8"?>
<testsuite name="com.twilio.chat.TokenServletTest" tests="2" skipped="0" failures="0" errors="0" timestamp="2018-11-03T16:42:44" hostname="LAPTOP-2IT58K87" time="0.178">
  <properties/>
  <testcase name="shouldGenerateATokenWhenIdentityAndDeviceAreProvided" classname="com.twilio.chat.TokenServletTest" time="0.175"/>
  <testcase name="shouldNotRequestATokenWhenIdentityAndDeviceAreNotProvided" classname="com.twilio.chat.TokenServletTest" time="0.002"/>
  <system-out><![CDATA[]]></system-out>
  <system-err><![CDATA[]]></system-err>
</testsuite>
