<?xml version="1.0" encoding="UTF-8"?>
<testsuite name="com.twilio.chat.TwilioTokenCreatorTest" tests="1" skipped="0" failures="0" errors="0" timestamp="2018-11-03T16:42:44" hostname="LAPTOP-2IT58K87" time="0.005">
  <properties/>
  <testcase name="shouldNotInitializeTwilioTokenCreatorWhenAppConfigIsIncomplete" classname="com.twilio.chat.TwilioTokenCreatorTest" time="0.005"/>
  <system-out><![CDATA[]]></system-out>
  <system-err><![CDATA[]]></system-err>
</testsuite>
